Wed Apr 12 20:09:27 BRT 2017 : Apache Derby Network Server - 10.10.2.0 - (1582446) started and ready to accept connections on port 1527
----------------------------------------------------------------
Wed Apr 12 20:09:28 BRT 2017:
Booting Derby version The Apache Software Foundation - Apache Derby - 10.10.2.0 - (1582446): instance a816c00e-015b-646d-c784-ffffae617456 
on database directory /home/henrique/Documents/Dev/Git/OnlyTracker/OnlyTrackerApp/db/db_onlytracker with class loader sun.misc.Launcher$AppClassLoader@1d44bcfa 
Loaded from file:/home/henrique/Java/GlassFish_Server/javadb/lib/derby.jar
java.vendor=Oracle Corporation
java.runtime.version=1.8.0_101-b13
user.dir=/home/henrique/Java/GlassFish_Server/javadb
os.name=Linux
os.arch=amd64
os.version=4.10.1-041001-generic
derby.system.home=/home/henrique/Desktop/Dev/Git/OnlyTracker/OnlyTrackerApp/db
Database Class Loader started - derby.database.classpath=''
----------------------------------------------------------------
Wed Apr 12 20:14:21 BRT 2017: Shutting down Derby engine
----------------------------------------------------------------
Wed Apr 12 20:14:21 BRT 2017:
Shutting down instance a816c00e-015b-646d-c784-ffffae617456 on database directory /home/henrique/Documents/Dev/Git/OnlyTracker/OnlyTrackerApp/db/db_onlytracker with class loader sun.misc.Launcher$AppClassLoader@1d44bcfa 
----------------------------------------------------------------
